
ec: system execution failed.
Following is the set of recorded exceptions:

******************************** Thread exception *****************************
In thread           Root thread            0x0 (thread id)
*******************************************************************************
-------------------------------------------------------------------------------
Class / Object      Routine                Nature of exception           Effect
-------------------------------------------------------------------------------
CONF_LOAD_LACE      process_root @16                                    
<0000000002E293D8>                         Feature call on void target.  Fail
-------------------------------------------------------------------------------
CONF_LOAD_LACE      process_root @16                                    
<0000000002E293D8>                         Routine failure.              Fail
-------------------------------------------------------------------------------
CONF_LOAD_LACE      retrieve_configuration @28
<0000000002E293D8>                         Routine failure.              Fail
-------------------------------------------------------------------------------
EC_PROJECT_LOADER   convert_ace @5                                      
<0000000002E28FA8>  (From PROJECT_LOADER)  Routine failure.              Fail
-------------------------------------------------------------------------------
EC_PROJECT_LOADER   open_project_file @24                               
<0000000002E28FA8>  (From PROJECT_LOADER)  Routine failure.              Fail
-------------------------------------------------------------------------------
ES_BATCH            execute @34                                         
<0000000003981548>  (From ES)              Routine failure.              Rescue
-------------------------------------------------------------------------------
ES_BATCH            make @13                                            
<0000000003981548>  (From ES)              Routine failure.              Fail
-------------------------------------------------------------------------------
EB_KERNEL           make @5                                             
<0000000003835358>                         Routine failure.              Fail
-------------------------------------------------------------------------------
EB_KERNEL           root's creation                                     
<0000000003835358>                         Routine failure.              Exit
-------------------------------------------------------------------------------
